<?xml version="1.0" encoding="UTF-8"?>
<!-- Generated by org.testng.reporters.JUnitReportReporter -->
<testsuite skipped="0" hostname="Dhruvs-MacBook-Air.local" name="TestCases" tests="7" failures="0" timestamp="2022-07-19T10:50:15 EDT" time="9.208" errors="0">
  <testcase name="all_Character_Valid_Test" time="3.275" classname="TestCases"/>
  <system-out/>
  <testcase name="all_Character_Invalid_Test" time="1.132" classname="TestCases"/>
  <system-out/>
  <testcase name="Blank_Search" time="1.030" classname="TestCases"/>
  <system-out/>
  <testcase name="specific_Character_Valid_Test" time="0.965" classname="TestCases"/>
  <system-out/>
  <testcase name="specific_Character_Invalid_Test" time="0.978" classname="TestCases"/>
  <system-out/>
  <testcase name="search_Planets_Valid_Test" time="0.834" classname="TestCases"/>
  <system-out/>
  <testcase name="search_Planets_Invalid_Test" time="0.994" classname="TestCases"/>
  <system-out/>
</testsuite> <!-- TestCases -->
